Flow report for nttParametric
Mon Nov 17 16:35:42 2025
Quartus II 64-Bit Version 13.0.1 Build 232 06/12/2013 Service Pack 1 SJ Web Edition


---------------------
; Table of Contents ;
---------------------
  1. Legal Notice
  2. Flow Summary
  3. Flow Settings
  4. Flow Non-Default Global Settings
  5. Flow Elapsed Time
  6. Flow OS Summary
  7. Flow Log
  8. Flow Messages
  9. Flow Suppressed Messages



----------------
; Legal Notice ;
----------------
Copyright (C) 1991-2013 Altera Corporation
Your use of Altera Corporation's design tools, logic functions 
and other software and tools, and its AMPP partner logic 
functions, and any output files from any of the foregoing 
(including device programming or simulation files), and any 
associated documentation or information are expressly subject 
to the terms and conditions of the Altera Program License 
Subscription Agreement, Altera MegaCore Function License 
Agreement, or other applicable license agreement, including, 
without limitation, that your use is for the sole purpose of 
programming logic devices manufactured by Altera and sold by 
Altera or its authorized distributors.  Please refer to the 
applicable agreement for further details.



+--------------------------------------------------------------------------------------+
; Flow Summary                                                                         ;
+------------------------------------+-------------------------------------------------+
; Flow Status                        ; Successful - Mon Nov 17 16:35:42 2025           ;
; Quartus II 64-Bit Version          ; 13.0.1 Build 232 06/12/2013 SP 1 SJ Web Edition ;
; Revision Name                      ; nttParametric                                   ;
; Top-level Entity Name              ; PolyMult_v2                                     ;
; Family                             ; Cyclone IV GX                                   ;
; Device                             ; EP4CGX150DF31I7                                 ;
; Timing Models                      ; Final                                           ;
; Total logic elements               ; 7,275 / 149,760 ( 5 % )                         ;
;     Total combinational functions  ; 6,864 / 149,760 ( 5 % )                         ;
;     Dedicated logic registers      ; 2,485 / 149,760 ( 2 % )                         ;
; Total registers                    ; 2485                                            ;
; Total pins                         ; 39 / 508 ( 8 % )                                ;
; Total virtual pins                 ; 0                                               ;
; Total memory bits                  ; 101,933 / 6,635,520 ( 2 % )                     ;
; Embedded Multiplier 9-bit elements ; 18 / 720 ( 3 % )                                ;
; Total GXB Receiver Channel PCS     ; 0 / 8 ( 0 % )                                   ;
; Total GXB Receiver Channel PMA     ; 0 / 8 ( 0 % )                                   ;
; Total GXB Transmitter Channel PCS  ; 0 / 8 ( 0 % )                                   ;
; Total GXB Transmitter Channel PMA  ; 0 / 8 ( 0 % )                                   ;
; Total PLLs                         ; 0 / 8 ( 0 % )                                   ;
+------------------------------------+-------------------------------------------------+


+-----------------------------------------+
; Flow Settings                           ;
+-------------------+---------------------+
; Option            ; Setting             ;
+-------------------+---------------------+
; Start date & time ; 11/17/2025 16:32:31 ;
; Main task         ; Compilation         ;
; Revision Name     ; nttParametric       ;
+-------------------+---------------------+


+------------------------------------------------------------------------------------------------------------------------------+
; Flow Non-Default Global Settings                                                                                             ;
+--------------------------------------+---------------------------------------+---------------+-------------+-----------------+
; Assignment Name                      ; Value                                 ; Default Value ; Entity Name ; Section Id      ;
+--------------------------------------+---------------------------------------+---------------+-------------+-----------------+
; COMPILER_SIGNATURE_ID                ; 0.176340795100628                     ; --            ; --          ; --              ;
; EDA_DESIGN_INSTANCE_NAME             ; NA                                    ; --            ; --          ; polymulttest    ;
; EDA_DESIGN_INSTANCE_NAME             ; NA                                    ; --            ; --          ; NTT_polyMult_tb ;
; EDA_DESIGN_INSTANCE_NAME             ; NA                                    ; --            ; --          ; polymulv2       ;
; EDA_NATIVELINK_SIMULATION_TEST_BENCH ; polymulv2                             ; --            ; --          ; eda_simulation  ;
; EDA_OUTPUT_DATA_FORMAT               ; Verilog Hdl                           ; --            ; --          ; eda_simulation  ;
; EDA_SIMULATION_TOOL                  ; ModelSim-Altera (Verilog)             ; <None>        ; --          ; --              ;
; EDA_TEST_BENCH_ENABLE_STATUS         ; TEST_BENCH_MODE                       ; --            ; --          ; eda_simulation  ;
; EDA_TEST_BENCH_FILE                  ; PolyMult_test.v                       ; --            ; --          ; polymulttest    ;
; EDA_TEST_BENCH_FILE                  ; NTT_PolyMul_test.v                    ; --            ; --          ; NTT_polyMult_tb ;
; EDA_TEST_BENCH_FILE                  ; NTT_PolyMul_test_v2.v                 ; --            ; --          ; polymulv2       ;
; EDA_TEST_BENCH_MODULE_NAME           ; PolyMult_test                         ; --            ; --          ; polymulttest    ;
; EDA_TEST_BENCH_MODULE_NAME           ; NTT_polyMult_test                     ; --            ; --          ; NTT_polyMult_tb ;
; EDA_TEST_BENCH_MODULE_NAME           ; NTT_PolyMul_test_v2                   ; --            ; --          ; polymulv2       ;
; EDA_TEST_BENCH_NAME                  ; polymulttest                          ; --            ; --          ; eda_simulation  ;
; EDA_TEST_BENCH_NAME                  ; NTT_polyMult_tb                       ; --            ; --          ; eda_simulation  ;
; EDA_TEST_BENCH_NAME                  ; polymulv2                             ; --            ; --          ; eda_simulation  ;
; EDA_TIME_SCALE                       ; 1 ps                                  ; --            ; --          ; eda_simulation  ;
; MAX_CORE_JUNCTION_TEMP               ; 100                                   ; --            ; --          ; --              ;
; MIN_CORE_JUNCTION_TEMP               ; -40                                   ; --            ; --          ; --              ;
; NOMINAL_CORE_SUPPLY_VOLTAGE          ; 1.2V                                  ; --            ; --          ; --              ;
; PARTITION_COLOR                      ; 16764057                              ; --            ; PolyMult_v2 ; Top             ;
; PARTITION_FITTER_PRESERVATION_LEVEL  ; PLACEMENT_AND_ROUTING                 ; --            ; PolyMult_v2 ; Top             ;
; PARTITION_NETLIST_TYPE               ; SOURCE                                ; --            ; PolyMult_v2 ; Top             ;
; POWER_BOARD_THERMAL_MODEL            ; None (CONSERVATIVE)                   ; --            ; --          ; --              ;
; POWER_PRESET_COOLING_SOLUTION        ; 23 MM HEAT SINK WITH 200 LFPM AIRFLOW ; --            ; --          ; --              ;
; PROJECT_OUTPUT_DIRECTORY             ; output_files                          ; --            ; --          ; --              ;
; TOP_LEVEL_ENTITY                     ; PolyMult_v2                           ; nttParametric ; --          ; --              ;
+--------------------------------------+---------------------------------------+---------------+-------------+-----------------+


+-------------------------------------------------------------------------------------------------------------------------------+
; Flow Elapsed Time                                                                                                             ;
+---------------------------+--------------+-------------------------+---------------------+------------------------------------+
; Module Name               ; Elapsed Time ; Average Processors Used ; Peak Virtual Memory ; Total CPU Time (on all processors) ;
+---------------------------+--------------+-------------------------+---------------------+------------------------------------+
; Analysis & Synthesis      ; 00:00:26     ; 1.0                     ; 489 MB              ; 00:00:24                           ;
; Fitter                    ; 00:02:07     ; 1.0                     ; 650 MB              ; 00:01:37                           ;
; Assembler                 ; 00:00:08     ; 1.0                     ; 476 MB              ; 00:00:08                           ;
; TimeQuest Timing Analyzer ; 00:00:08     ; 1.0                     ; 574 MB              ; 00:00:07                           ;
; EDA Netlist Writer        ; 00:00:09     ; 1.0                     ; 369 MB              ; 00:00:09                           ;
; Total                     ; 00:02:58     ; --                      ; --                  ; 00:02:25                           ;
+---------------------------+--------------+-------------------------+---------------------+------------------------------------+


+----------------------------------------------------------------------------------------+
; Flow OS Summary                                                                        ;
+---------------------------+------------------+-----------+------------+----------------+
; Module Name               ; Machine Hostname ; OS Name   ; OS Version ; Processor type ;
+---------------------------+------------------+-----------+------------+----------------+
; Analysis & Synthesis      ; macbook-pro-5    ; Windows 7 ; 6.2        ; x86_64         ;
; Fitter                    ; macbook-pro-5    ; Windows 7 ; 6.2        ; x86_64         ;
; Assembler                 ; macbook-pro-5    ; Windows 7 ; 6.2        ; x86_64         ;
; TimeQuest Timing Analyzer ; macbook-pro-5    ; Windows 7 ; 6.2        ; x86_64         ;
; EDA Netlist Writer        ; macbook-pro-5    ; Windows 7 ; 6.2        ; x86_64         ;
+---------------------------+------------------+-----------+------------+----------------+


------------
; Flow Log ;
------------
quartus_map --read_settings_files=on --write_settings_files=off nttParametric -c nttParametric
quartus_fit --read_settings_files=off --write_settings_files=off nttParametric -c nttParametric
quartus_asm --read_settings_files=off --write_settings_files=off nttParametric -c nttParametric
quartus_sta nttParametric -c nttParametric
quartus_eda --read_settings_files=off --write_settings_files=off nttParametric -c nttParametric



