Assembler report for de2i_150_qsys_pcie
Sat Oct 25 16:24:29 2025
Quartus II 64-Bit Version 13.0.1 Build 232 06/12/2013 Service Pack 1 SJ Web Edition


---------------------
; Table of Contents ;
---------------------
  1. Legal Notice
  2. Assembler Summary
  3. Assembler Settings
  4. Assembler Encrypted IP Cores Summary
  5. Assembler Generated Files
  6. Assembler Device Options: C:/altera/Projeto_NTT/de2i_150_qsys_pcie.sof
  7. Assembler Device Options: C:/altera/Projeto_NTT/de2i_150_qsys_pcie.pof
  8. Assembler Messages



----------------
; Legal Notice ;
----------------
Copyright (C) 1991-2013 Altera Corporation
Your use of Altera Corporation's design tools, logic functions 
and other software and tools, and its AMPP partner logic 
functions, and any output files from any of the foregoing 
(including device programming or simulation files), and any 
associated documentation or information are expressly subject 
to the terms and conditions of the Altera Program License 
Subscription Agreement, Altera MegaCore Function License 
Agreement, or other applicable license agreement, including, 
without limitation, that your use is for the sole purpose of 
programming logic devices manufactured by Altera and sold by 
Altera or its authorized distributors.  Please refer to the 
applicable agreement for further details.



+---------------------------------------------------------------+
; Assembler Summary                                             ;
+-----------------------+---------------------------------------+
; Assembler Status      ; Successful - Sat Oct 25 16:24:29 2025 ;
; Revision Name         ; de2i_150_qsys_pcie                    ;
; Top-level Entity Name ; de2i_150_qsys_pcie                    ;
; Family                ; Cyclone IV GX                         ;
; Device                ; EP4CGX150DF31C7                       ;
+-----------------------+---------------------------------------+


+--------------------------------------------------------------------------------------------------------+
; Assembler Settings                                                                                     ;
+-----------------------------------------------------------------------------+----------+---------------+
; Option                                                                      ; Setting  ; Default Value ;
+-----------------------------------------------------------------------------+----------+---------------+
; Auto user code                                                              ; Off      ; On            ;
; Use configuration device                                                    ; On       ; Off           ;
; Configuration device                                                        ; Epcs64   ; Auto          ;
; Use smart compilation                                                       ; Off      ; Off           ;
; Enable parallel Assembler and TimeQuest Timing Analyzer during compilation  ; On       ; On            ;
; Enable compact report table                                                 ; Off      ; Off           ;
; Generate compressed bitstreams                                              ; On       ; On            ;
; Compression mode                                                            ; Off      ; Off           ;
; Clock source for configuration device                                       ; Internal ; Internal      ;
; Clock frequency of the configuration device                                 ; 10 MHZ   ; 10 MHz        ;
; Divide clock frequency by                                                   ; 1        ; 1             ;
; Configuration device auto user code                                         ; Off      ; Off           ;
; Generate Tabular Text File (.ttf) For Target Device                         ; Off      ; Off           ;
; Generate Raw Binary File (.rbf) For Target Device                           ; Off      ; Off           ;
; Generate Hexadecimal (Intel-Format) Output File (.hexout) for Target Device ; Off      ; Off           ;
; Hexadecimal Output File start address                                       ; 0        ; 0             ;
; Hexadecimal Output File count direction                                     ; Up       ; Up            ;
; Release clears before tri-states                                            ; Off      ; Off           ;
; Auto-restart configuration after error                                      ; On       ; On            ;
; Enable OCT_DONE                                                             ; Off      ; Off           ;
; Generate Serial Vector Format File (.svf) for Target Device                 ; Off      ; Off           ;
; Generate a JEDEC STAPL Format File (.jam) for Target Device                 ; Off      ; Off           ;
; Generate a compressed Jam STAPL Byte Code 2.0 File (.jbc) for Target Device ; Off      ; Off           ;
; Generate a compressed Jam STAPL Byte Code 2.0 File (.jbc) for Target Device ; On       ; On            ;
+-----------------------------------------------------------------------------+----------+---------------+


+------------------------------------------------+
; Assembler Encrypted IP Cores Summary           ;
+--------+------------------------+--------------+
; Vendor ; IP Core Name           ; License Type ;
+--------+------------------------+--------------+
; Altera ; Signal Tap (6AF7 BCE1) ; Licensed     ;
; Altera ; Unknown (6AF7 FFFF)    ; Licensed     ;
+--------+------------------------+--------------+


+----------------------------------------------+
; Assembler Generated Files                    ;
+----------------------------------------------+
; File Name                                    ;
+----------------------------------------------+
; C:/altera/Projeto_NTT/de2i_150_qsys_pcie.sof ;
; C:/altera/Projeto_NTT/de2i_150_qsys_pcie.pof ;
+----------------------------------------------+


+------------------------------------------------------------------------+
; Assembler Device Options: C:/altera/Projeto_NTT/de2i_150_qsys_pcie.sof ;
+----------------+-------------------------------------------------------+
; Option         ; Setting                                               ;
+----------------+-------------------------------------------------------+
; Device         ; EP4CGX150DF31C7                                       ;
; JTAG usercode  ; 0xFFFFFFFF                                            ;
; Checksum       ; 0x00E67A6B                                            ;
+----------------+-------------------------------------------------------+


+------------------------------------------------------------------------+
; Assembler Device Options: C:/altera/Projeto_NTT/de2i_150_qsys_pcie.pof ;
+--------------------+---------------------------------------------------+
; Option             ; Setting                                           ;
+--------------------+---------------------------------------------------+
; Device             ; EPCS64                                            ;
; JTAG usercode      ; 0x00000000                                        ;
; Checksum           ; 0x6B45B35E                                        ;
; Compression Ratio  ; 3                                                 ;
+--------------------+---------------------------------------------------+


+--------------------+
; Assembler Messages ;
+--------------------+
Info: *******************************************************************
Info: Running Quartus II 64-Bit Assembler
    Info: Version 13.0.1 Build 232 06/12/2013 Service Pack 1 SJ Web Edition
    Info: Processing started: Sat Oct 25 16:24:10 2025
Info: Command: quartus_asm --read_settings_files=off --write_settings_files=off de2i_150_qsys_pcie -c de2i_150_qsys_pcie
Info (115031): Writing out detailed assembly data for power analysis
Info (115030): Assembler is generating device programming files
Info: Quartus II 64-Bit Assembler was successful. 0 errors, 0 warnings
    Info: Peak virtual memory: 13063 megabytes
    Info: Processing ended: Sat Oct 25 16:24:29 2025
    Info: Elapsed time: 00:00:19
    Info: Total CPU time (on all processors): 00:00:18


